<?xml version="1.0" encoding="UTF-8"?>
<!-- Generated by org.testng.reporters.JUnitReportReporter -->
<testsuite hostname="DELL" failures="0" tests="1" name="Test.urbanmonkeytest" time="91.768" errors="0" timestamp="2023-11-24T22:04:06 IST" skipped="0">
  <testcase classname="Test.urbanmonkeytest" name="test" time="91.768"/>
</testsuite> <!-- Test.urbanmonkeytest -->
